
Gurobi 6.5.2 (mac64) logging started Mon Nov 14 17:32:55 2016

Set parameter TimeLimit to value 300

Gurobi Optimizer version 6.5.2 build v6.5.2rc1 (mac64)
Copyright (c) 2016, Gurobi Optimization, Inc.


ERROR 10003: Unable to open file 'TEST.lp' for input


Gurobi 6.5.2 (mac64) logging started Mon Nov 14 17:35:22 2016

Set parameter TimeLimit to value 300

Gurobi Optimizer version 6.5.2 build v6.5.2rc1 (mac64)
Copyright (c) 2016, Gurobi Optimization, Inc.


ERROR 10003: Unable to open file 'TEST.lp' for input


Gurobi 6.5.2 (mac64) logging started Mon Nov 14 17:36:29 2016

Set parameter TimeLimit to value 300

Gurobi Optimizer version 6.5.2 build v6.5.2rc1 (mac64)
Copyright (c) 2016, Gurobi Optimization, Inc.


ERROR 10003: Unable to open file 'TEST.lp' for input


Gurobi 6.5.2 (mac64) logging started Mon Nov 14 17:37:01 2016

Set parameter TimeLimit to value 300

Gurobi Optimizer version 6.5.2 build v6.5.2rc1 (mac64)
Copyright (c) 2016, Gurobi Optimization, Inc.

Read LP format model from file TEST.lp
Reading time = 0.09 seconds
(null): 19120 rows, 5747 columns, 54510 nonzeros
Optimize a model with 19120 rows, 5747 columns and 54510 nonzeros
Coefficient statistics:
  Matrix range    [1e+00, 1e+04]
  Objective range [3e-03, 1e+03]
  Bounds range    [1e+00, 1e+00]
  RHS range       [1e+00, 1e+02]
Presolve removed 11151 rows and 2585 columns
Presolve time: 0.57s
Presolved: 7969 rows, 3162 columns, 29428 nonzeros
Variable types: 0 continuous, 3162 integer (2140 binary)
Found heuristic solution: objective 56788.920588

Root relaxation: objective 7.896967e+03, 7514 iterations, 0.92 seconds

    Nodes    |    Current Node    |     Objective Bounds      |     Work
 Expl Unexpl |  Obj  Depth IntInf | Incumbent    BestBd   Gap | It/Node Time

     0     0 7896.96706    0 1144 56788.9206 7896.96706  86.1%     -    1s
H    0     0                    56758.944118 7896.96706  86.1%     -    1s
     0     0 17004.6028    0 1276 56758.9441 17004.6028  70.0%     -    3s
H    0     0                    45038.982353 17004.6028  62.2%     -    3s
H    0     0                    44938.979412 17004.6028  62.2%     -    3s
     0     0 17045.2108    0 1254 44938.9794 17045.2108  62.1%     -    3s
     0     0 17650.7476    0 1264 44938.9794 17650.7476  60.7%     -    6s
H    0     0                    44618.973529 17650.7476  60.4%     -    6s
     0     0 17747.1206    0 1256 44618.9735 17747.1206  60.2%     -    6s
     0     0 18102.0097    0 1291 44618.9735 18102.0097  59.4%     -    8s
H    0     0                    44123.982353 18102.0097  59.0%     -    8s
     0     0 18223.5307    0 1304 44123.9824 18223.5307  58.7%     -    9s
     0     0 18419.8388    0 1333 44123.9824 18419.8388  58.3%     -   10s
H    0     0                    43884.008824 18419.8388  58.0%     -   10s
     0     0 18493.8901    0 1479 43884.0088 18493.8901  57.9%     -   11s
     0     0 18604.8438    0 1419 43884.0088 18604.8438  57.6%     -   13s
     0     0 18663.4077    0 1524 43884.0088 18663.4077  57.5%     -   13s
     0     0 18713.9942    0 1545 43884.0088 18713.9942  57.4%     -   14s
H    0     0                    43724.011765 18713.9942  57.2%     -   14s
     0     0 18743.4375    0 1558 43724.0118 18743.4375  57.1%     -   15s
     0     0 18792.7391    0 1560 43724.0118 18792.7391  57.0%     -   16s
     0     0 18792.7391    0 1544 43724.0118 18792.7391  57.0%     -   16s
H    0     0                    43479.038235 18792.7391  56.8%     -   24s
H    0     0                    40063.850000 18792.7391  53.1%     -   28s
     0     2 18792.7391    0 1543 40063.8500 18792.7391  53.1%     -   28s
     4     2 19880.9805    2 1325 40063.8500 19880.9805  50.4%   764   30s
    10     5 21024.0001    6 1218 40063.8500 20304.8769  49.3%   840   35s
    28     4 infeasible   11      40063.8500 20410.1784  49.1%   705   40s
    60     5 infeasible   20      40063.8500 20410.1784  49.1%   535   45s
H   72    11                    38378.888235 20410.1784  46.8%   533   50s
    86    25 33492.0298   28 1275 38378.8882 20410.1784  46.8%   568   56s
    96    32 33856.1348   33 1040 38378.8882 20410.1784  46.8%   582   60s
H  117    52                    38368.864706 20410.1784  46.8%   583   66s
H  118    54                    38268.888235 20410.1784  46.7%   579   66s
   136    76 34028.1499   45 1047 38268.8882 20410.1784  46.7%   572   71s
   176   112 34406.7741   61  869 38268.8882 20410.1784  46.7%   533   75s
   340   276 36079.0870  134  458 38268.8882 20410.1784  46.7%   348   80s
   737   654 infeasible    6      38268.8882 22079.2933  42.3%   199   86s
H  738   654                    38263.891176 22079.2933  42.3%   199   86s
H  739   548                    37233.923529 22815.9109  38.7%   201   86s
   768   549 34230.9697   58 1544 37233.9235 22815.9109  38.7%   196   92s
H  769   522                    37064.000000 22815.9109  38.4%   196   93s
   772   524 37064.0000  235  644 37064.0000 26775.3932  27.8%   195   96s
H  772   498                    37014.000000 28720.8662  22.4%   195   97s
H  774   474                    36903.947059 30576.1841  17.1%   194  100s
H  776   451                    36903.894118 32351.9883  12.3%   194  104s
   778   453 34816.8534   75  644 36903.8941 32442.7027  12.1%   193  105s
   781   455 35244.2796   87  682 36903.8941 32807.7086  11.1%   193  110s
   785   457 36903.8941  233  601 36903.8941 33732.6718  8.59%   192  116s
   787   459 34513.6678   71  727 36903.8941 34072.9517  7.67%   191  121s
   789   460 36356.8323  156  784 36903.8941 34146.6222  7.47%   191  127s
   790   461 34387.4397   55  832 36903.8941 34163.5126  7.43%   191  130s
H  792   438                    36768.952941 34191.5070  7.01%   190  137s
   794   439 36506.4909  171  927 36768.9529 34195.7014  7.00%   190  140s
   797   441 36423.5969  161 1013 36768.9529 34218.8751  6.94%   189  146s
   799   443 36768.9529  198 1002 36768.9529 34218.8751  6.94%   188  159s
   800   445 35492.9748   14  715 36768.9529 34218.9190  6.94%   272  163s
   803   445 36681.9438   15  657 36768.9529 35493.6328  3.47%   288  169s
   805   447 35579.6305   16  655 36768.9529 35495.8775  3.46%   289  170s
   811   448 35575.1243   19  650 36768.9529 35530.2315  3.37%   294  178s
   815   450 35575.9818   20  697 36768.9529 35530.2315  3.37%   303  183s
   821   454 35661.7274   22  752 36768.9529 35530.2315  3.37%   311  186s
   835   463 35658.2305   27  648 36768.9529 35530.2315  3.37%   323  191s
   859   478 35679.3950   34  583 36768.9529 35530.2315  3.37%   335  195s
   905   509 35833.8737   46  557 36768.9529 35530.2315  3.37%   349  201s
   957   543 35901.2144   61  485 36768.9529 35530.2315  3.37%   350  206s
  1046   604 35964.2624   85  349 36768.9529 35530.2315  3.37%   342  211s
H 1074   599                    36738.952941 35530.2315  3.29%   339  211s
  1186   664 36252.6875  124  317 36738.9529 35530.2315  3.29%   323  220s
  1398   761 35712.9583   21  653 36738.9529 35579.5317  3.16%   299  225s
  1418   777 35835.7004   27  629 36738.9529 35579.5317  3.16%   310  234s
  1426   769 35881.1564   28  666 36738.9529 35579.5317  3.16%   316  239s
  1439   784 35912.0900   32  574 36738.9529 35579.5317  3.16%   322  244s
  1471   807 35925.5910   45  561 36738.9529 35579.5317  3.16%   322  247s
  1502   828 36014.7622   58  447 36738.9529 35579.5317  3.16%   325  252s
  1543   855 36020.0253   70  417 36738.9529 35579.5317  3.16%   325  256s
  1587   890 36060.3456   85  317 36738.9529 35579.5317  3.16%   325  260s
  1647   923 36162.3992  102  397 36738.9529 35579.5317  3.16%   323  265s
  1772  1004 36519.8511  122  327 36738.9529 35579.5317  3.16%   319  276s
  1814  1026 36602.3562  132  300 36738.9529 35579.5905  3.16%   317  281s
  1962  1080 35780.0877   22  601 36738.9529 35579.5905  3.16%   306  286s
  1981  1081 35803.3332   25  650 36738.9529 35579.5905  3.16%   309  290s
  1995  1088 35793.0578   30  643 36738.9529 35579.5905  3.16%   313  295s
  2033  1104 35860.0472   38  487 36738.9529 35579.5905  3.16%   313  300s

Cutting planes:
  Gomory: 24
  Cover: 303
  Implied bound: 191
  Clique: 98
  MIR: 179
  Flow cover: 167
  GUB cover: 15
  Zero half: 27

Explored 2186 nodes (676662 simplex iterations) in 300.02 seconds
Thread count was 4 (of 4 available processors)

Time limit reached
Best objective 3.673895294118e+04, best bound 3.557959051014e+04, gap 3.1557%

Wrote result file 'test.sol'

